[0.148s] DEBUG:colcon:Command line arguments: ['/usr/bin/colcon', 'list', '-p', '--base-paths', '/home/sentry/RM2025-Radar-Algorithm', '--log-base', '/dev/null']
[0.148s] DEBUG:colcon:Parsed command line arguments: Namespace(log_base=None, log_level=None, verb_name='list', build_base='build', ignore_user_meta=False, metas=['./colcon.meta'], base_paths=['/home/sentry/RM2025-Radar-Algorithm', '--log-base', '/dev/null'], packages_ignore=None, packages_ignore_regex=None, paths=None, packages_up_to=None, packages_up_to_regex=None, packages_above=None, packages_above_and_dependencies=None, packages_above_depth=None, packages_select_by_dep=None, packages_skip_by_dep=None, packages_skip_up_to=None, packages_select_build_failed=False, packages_skip_build_finished=False, packages_select_test_failures=False, packages_skip_test_passed=False, packages_select=None, packages_skip=None, packages_select_regex=None, packages_skip_regex=None, packages_start=None, packages_end=None, allow_overriding=[], topological_order=False, names_only=False, paths_only=True, topological_graph=False, topological_graph_dot=False, topological_graph_density=False, topological_graph_legend=False, topological_graph_dot_cluster=False, topological_graph_dot_include_skipped=False, verb_parser=<colcon_defaults.argument_parser.defaults.DefaultArgumentsDecorator object at 0x78f25ea71db0>, verb_extension=<colcon_package_information.verb.list.ListVerb object at 0x78f25ea70f10>, main=<bound method ListVerb.main of <colcon_package_information.verb.list.ListVerb object at 0x78f25ea70f10>>)
[0.412s] Level 1:colcon.colcon_core.package_discovery:discover_packages(colcon_meta) check parameters
[0.413s] Level 1:colcon.colcon_core.package_discovery:discover_packages(recursive) check parameters
[0.413s] Level 1:colcon.colcon_core.package_discovery:discover_packages(ignore) check parameters
[0.413s] Level 1:colcon.colcon_core.package_discovery:discover_packages(path) check parameters
[0.413s] Level 1:colcon.colcon_core.package_discovery:discover_packages(recursive) discover
[0.413s] INFO:colcon.colcon_core.package_discovery:Crawling recursively for packages in '/home/sentry/RM2025-Radar-Algorithm', '/home/sentry/RM2025-Radar-Algorithm/--log-base', '/dev/null'
[0.414s] Level 1:colcon.colcon_core.package_identification:_identify(/home/sentry/RM2025-Radar-Algorithm) by extensions ['ignore', 'ignore_ament_install']
[0.414s] Level 1:colcon.colcon_core.package_identification:_identify(/home/sentry/RM2025-Radar-Algorithm) by extension 'ignore'
[0.414s] Level 1:colcon.colcon_core.package_identification:_identify(/home/sentry/RM2025-Radar-Algorithm) by extension 'ignore_ament_install'
[0.414s] Level 1:colcon.colcon_core.package_identification:_identify(/home/sentry/RM2025-Radar-Algorithm) by extensions ['colcon_pkg']
[0.414s] Level 1:colcon.colcon_core.package_identification:_identify(/home/sentry/RM2025-Radar-Algorithm) by extension 'colcon_pkg'
[0.414s] Level 1:colcon.colcon_core.package_identification:_identify(/home/sentry/RM2025-Radar-Algorithm) by extensions ['colcon_meta']
[0.414s] Level 1:colcon.colcon_core.package_identification:_identify(/home/sentry/RM2025-Radar-Algorithm) by extension 'colcon_meta'
[0.414s] Level 1:colcon.colcon_core.package_identification:_identify(/home/sentry/RM2025-Radar-Algorithm) by extensions ['ros']
[0.414s] Level 1:colcon.colcon_core.package_identification:_identify(/home/sentry/RM2025-Radar-Algorithm) by extension 'ros'
[0.440s] Level 1:colcon.colcon_core.package_identification:_identify(/home/sentry/RM2025-Radar-Algorithm) by extensions ['cmake', 'python']
[0.440s] Level 1:colcon.colcon_core.package_identification:_identify(/home/sentry/RM2025-Radar-Algorithm) by extension 'cmake'
[0.440s] Level 1:colcon.colcon_core.package_identification:_identify(/home/sentry/RM2025-Radar-Algorithm) by extension 'python'
[0.440s] Level 1:colcon.colcon_core.package_identification:_identify(/home/sentry/RM2025-Radar-Algorithm) by extensions ['python_setup_py']
[0.440s] Level 1:colcon.colcon_core.package_identification:_identify(/home/sentry/RM2025-Radar-Algorithm) by extension 'python_setup_py'
[0.441s] Level 1:colcon.colcon_core.package_identification:_identify(/home/sentry/RM2025-Radar-Algorithm/config) by extensions ['ignore', 'ignore_ament_install']
[0.441s] Level 1:colcon.colcon_core.package_identification:_identify(/home/sentry/RM2025-Radar-Algorithm/config) by extension 'ignore'
[0.441s] Level 1:colcon.colcon_core.package_identification:_identify(/home/sentry/RM2025-Radar-Algorithm/config) by extension 'ignore_ament_install'
[0.441s] Level 1:colcon.colcon_core.package_identification:_identify(/home/sentry/RM2025-Radar-Algorithm/config) by extensions ['colcon_pkg']
[0.441s] Level 1:colcon.colcon_core.package_identification:_identify(/home/sentry/RM2025-Radar-Algorithm/config) by extension 'colcon_pkg'
[0.441s] Level 1:colcon.colcon_core.package_identification:_identify(/home/sentry/RM2025-Radar-Algorithm/config) by extensions ['colcon_meta']
[0.441s] Level 1:colcon.colcon_core.package_identification:_identify(/home/sentry/RM2025-Radar-Algorithm/config) by extension 'colcon_meta'
[0.442s] Level 1:colcon.colcon_core.package_identification:_identify(/home/sentry/RM2025-Radar-Algorithm/config) by extensions ['ros']
[0.442s] Level 1:colcon.colcon_core.package_identification:_identify(/home/sentry/RM2025-Radar-Algorithm/config) by extension 'ros'
[0.442s] Level 1:colcon.colcon_core.package_identification:_identify(/home/sentry/RM2025-Radar-Algorithm/config) by extensions ['cmake', 'python']
[0.442s] Level 1:colcon.colcon_core.package_identification:_identify(/home/sentry/RM2025-Radar-Algorithm/config) by extension 'cmake'
[0.442s] Level 1:colcon.colcon_core.package_identification:_identify(/home/sentry/RM2025-Radar-Algorithm/config) by extension 'python'
[0.442s] Level 1:colcon.colcon_core.package_identification:_identify(/home/sentry/RM2025-Radar-Algorithm/config) by extensions ['python_setup_py']
[0.442s] Level 1:colcon.colcon_core.package_identification:_identify(/home/sentry/RM2025-Radar-Algorithm/config) by extension 'python_setup_py'
[0.442s] Level 1:colcon.colcon_core.package_identification:_identify(/home/sentry/RM2025-Radar-Algorithm/demo) by extensions ['ignore', 'ignore_ament_install']
[0.442s] Level 1:colcon.colcon_core.package_identification:_identify(/home/sentry/RM2025-Radar-Algorithm/demo) by extension 'ignore'
[0.442s] Level 1:colcon.colcon_core.package_identification:_identify(/home/sentry/RM2025-Radar-Algorithm/demo) by extension 'ignore_ament_install'
[0.442s] Level 1:colcon.colcon_core.package_identification:_identify(/home/sentry/RM2025-Radar-Algorithm/demo) by extensions ['colcon_pkg']
[0.442s] Level 1:colcon.colcon_core.package_identification:_identify(/home/sentry/RM2025-Radar-Algorithm/demo) by extension 'colcon_pkg'
[0.442s] Level 1:colcon.colcon_core.package_identification:_identify(/home/sentry/RM2025-Radar-Algorithm/demo) by extensions ['colcon_meta']
[0.442s] Level 1:colcon.colcon_core.package_identification:_identify(/home/sentry/RM2025-Radar-Algorithm/demo) by extension 'colcon_meta'
[0.442s] Level 1:colcon.colcon_core.package_identification:_identify(/home/sentry/RM2025-Radar-Algorithm/demo) by extensions ['ros']
[0.443s] Level 1:colcon.colcon_core.package_identification:_identify(/home/sentry/RM2025-Radar-Algorithm/demo) by extension 'ros'
[0.443s] Level 1:colcon.colcon_core.package_identification:_identify(/home/sentry/RM2025-Radar-Algorithm/demo) by extensions ['cmake', 'python']
[0.443s] Level 1:colcon.colcon_core.package_identification:_identify(/home/sentry/RM2025-Radar-Algorithm/demo) by extension 'cmake'
[0.443s] Level 1:colcon.colcon_core.package_identification:_identify(/home/sentry/RM2025-Radar-Algorithm/demo) by extension 'python'
[0.443s] Level 1:colcon.colcon_core.package_identification:_identify(/home/sentry/RM2025-Radar-Algorithm/demo) by extensions ['python_setup_py']
[0.443s] Level 1:colcon.colcon_core.package_identification:_identify(/home/sentry/RM2025-Radar-Algorithm/demo) by extension 'python_setup_py'
[0.443s] Level 1:colcon.colcon_core.package_identification:_identify(/home/sentry/RM2025-Radar-Algorithm/docs) by extensions ['ignore', 'ignore_ament_install']
[0.443s] Level 1:colcon.colcon_core.package_identification:_identify(/home/sentry/RM2025-Radar-Algorithm/docs) by extension 'ignore'
[0.443s] Level 1:colcon.colcon_core.package_identification:_identify(/home/sentry/RM2025-Radar-Algorithm/docs) by extension 'ignore_ament_install'
[0.443s] Level 1:colcon.colcon_core.package_identification:_identify(/home/sentry/RM2025-Radar-Algorithm/docs) by extensions ['colcon_pkg']
[0.443s] Level 1:colcon.colcon_core.package_identification:_identify(/home/sentry/RM2025-Radar-Algorithm/docs) by extension 'colcon_pkg'
[0.443s] Level 1:colcon.colcon_core.package_identification:_identify(/home/sentry/RM2025-Radar-Algorithm/docs) by extensions ['colcon_meta']
[0.443s] Level 1:colcon.colcon_core.package_identification:_identify(/home/sentry/RM2025-Radar-Algorithm/docs) by extension 'colcon_meta'
[0.443s] Level 1:colcon.colcon_core.package_identification:_identify(/home/sentry/RM2025-Radar-Algorithm/docs) by extensions ['ros']
[0.443s] Level 1:colcon.colcon_core.package_identification:_identify(/home/sentry/RM2025-Radar-Algorithm/docs) by extension 'ros'
[0.443s] Level 1:colcon.colcon_core.package_identification:_identify(/home/sentry/RM2025-Radar-Algorithm/docs) by extensions ['cmake', 'python']
[0.444s] Level 1:colcon.colcon_core.package_identification:_identify(/home/sentry/RM2025-Radar-Algorithm/docs) by extension 'cmake'
[0.444s] Level 1:colcon.colcon_core.package_identification:_identify(/home/sentry/RM2025-Radar-Algorithm/docs) by extension 'python'
[0.444s] Level 1:colcon.colcon_core.package_identification:_identify(/home/sentry/RM2025-Radar-Algorithm/docs) by extensions ['python_setup_py']
[0.444s] Level 1:colcon.colcon_core.package_identification:_identify(/home/sentry/RM2025-Radar-Algorithm/docs) by extension 'python_setup_py'
[0.444s] Level 1:colcon.colcon_core.package_identification:_identify(/home/sentry/RM2025-Radar-Algorithm/driver) by extensions ['ignore', 'ignore_ament_install']
[0.444s] Level 1:colcon.colcon_core.package_identification:_identify(/home/sentry/RM2025-Radar-Algorithm/driver) by extension 'ignore'
[0.444s] Level 1:colcon.colcon_core.package_identification:_identify(/home/sentry/RM2025-Radar-Algorithm/driver) by extension 'ignore_ament_install'
[0.444s] Level 1:colcon.colcon_core.package_identification:_identify(/home/sentry/RM2025-Radar-Algorithm/driver) by extensions ['colcon_pkg']
[0.444s] Level 1:colcon.colcon_core.package_identification:_identify(/home/sentry/RM2025-Radar-Algorithm/driver) by extension 'colcon_pkg'
[0.444s] Level 1:colcon.colcon_core.package_identification:_identify(/home/sentry/RM2025-Radar-Algorithm/driver) by extensions ['colcon_meta']
[0.444s] Level 1:colcon.colcon_core.package_identification:_identify(/home/sentry/RM2025-Radar-Algorithm/driver) by extension 'colcon_meta'
[0.444s] Level 1:colcon.colcon_core.package_identification:_identify(/home/sentry/RM2025-Radar-Algorithm/driver) by extensions ['ros']
[0.444s] Level 1:colcon.colcon_core.package_identification:_identify(/home/sentry/RM2025-Radar-Algorithm/driver) by extension 'ros'
[0.444s] Level 1:colcon.colcon_core.package_identification:_identify(/home/sentry/RM2025-Radar-Algorithm/driver) by extensions ['cmake', 'python']
[0.444s] Level 1:colcon.colcon_core.package_identification:_identify(/home/sentry/RM2025-Radar-Algorithm/driver) by extension 'cmake'
[0.444s] Level 1:colcon.colcon_core.package_identification:_identify(/home/sentry/RM2025-Radar-Algorithm/driver) by extension 'python'
[0.444s] Level 1:colcon.colcon_core.package_identification:_identify(/home/sentry/RM2025-Radar-Algorithm/driver) by extensions ['python_setup_py']
[0.445s] Level 1:colcon.colcon_core.package_identification:_identify(/home/sentry/RM2025-Radar-Algorithm/driver) by extension 'python_setup_py'
[0.445s] Level 1:colcon.colcon_core.package_identification:_identify(/home/sentry/RM2025-Radar-Algorithm/driver/hik_camera) by extensions ['ignore', 'ignore_ament_install']
[0.445s] Level 1:colcon.colcon_core.package_identification:_identify(/home/sentry/RM2025-Radar-Algorithm/driver/hik_camera) by extension 'ignore'
[0.445s] Level 1:colcon.colcon_core.package_identification:_identify(/home/sentry/RM2025-Radar-Algorithm/driver/hik_camera) by extension 'ignore_ament_install'
[0.445s] Level 1:colcon.colcon_core.package_identification:_identify(/home/sentry/RM2025-Radar-Algorithm/driver/hik_camera) by extensions ['colcon_pkg']
[0.445s] Level 1:colcon.colcon_core.package_identification:_identify(/home/sentry/RM2025-Radar-Algorithm/driver/hik_camera) by extension 'colcon_pkg'
[0.445s] Level 1:colcon.colcon_core.package_identification:_identify(/home/sentry/RM2025-Radar-Algorithm/driver/hik_camera) by extensions ['colcon_meta']
[0.445s] Level 1:colcon.colcon_core.package_identification:_identify(/home/sentry/RM2025-Radar-Algorithm/driver/hik_camera) by extension 'colcon_meta'
[0.445s] Level 1:colcon.colcon_core.package_identification:_identify(/home/sentry/RM2025-Radar-Algorithm/driver/hik_camera) by extensions ['ros']
[0.445s] Level 1:colcon.colcon_core.package_identification:_identify(/home/sentry/RM2025-Radar-Algorithm/driver/hik_camera) by extension 'ros'
[0.445s] Level 1:colcon.colcon_core.package_identification:_identify(/home/sentry/RM2025-Radar-Algorithm/driver/hik_camera) by extensions ['cmake', 'python']
[0.445s] Level 1:colcon.colcon_core.package_identification:_identify(/home/sentry/RM2025-Radar-Algorithm/driver/hik_camera) by extension 'cmake'
[0.445s] Level 1:colcon.colcon_core.package_identification:_identify(/home/sentry/RM2025-Radar-Algorithm/driver/hik_camera) by extension 'python'
[0.445s] Level 1:colcon.colcon_core.package_identification:_identify(/home/sentry/RM2025-Radar-Algorithm/driver/hik_camera) by extensions ['python_setup_py']
[0.445s] Level 1:colcon.colcon_core.package_identification:_identify(/home/sentry/RM2025-Radar-Algorithm/driver/hik_camera) by extension 'python_setup_py'
[0.445s] Level 1:colcon.colcon_core.package_identification:_identify(/home/sentry/RM2025-Radar-Algorithm/driver/hik_camera/MvImport) by extensions ['ignore', 'ignore_ament_install']
[0.446s] Level 1:colcon.colcon_core.package_identification:_identify(/home/sentry/RM2025-Radar-Algorithm/driver/hik_camera/MvImport) by extension 'ignore'
[0.446s] Level 1:colcon.colcon_core.package_identification:_identify(/home/sentry/RM2025-Radar-Algorithm/driver/hik_camera/MvImport) by extension 'ignore_ament_install'
[0.446s] Level 1:colcon.colcon_core.package_identification:_identify(/home/sentry/RM2025-Radar-Algorithm/driver/hik_camera/MvImport) by extensions ['colcon_pkg']
[0.446s] Level 1:colcon.colcon_core.package_identification:_identify(/home/sentry/RM2025-Radar-Algorithm/driver/hik_camera/MvImport) by extension 'colcon_pkg'
[0.446s] Level 1:colcon.colcon_core.package_identification:_identify(/home/sentry/RM2025-Radar-Algorithm/driver/hik_camera/MvImport) by extensions ['colcon_meta']
[0.446s] Level 1:colcon.colcon_core.package_identification:_identify(/home/sentry/RM2025-Radar-Algorithm/driver/hik_camera/MvImport) by extension 'colcon_meta'
[0.446s] Level 1:colcon.colcon_core.package_identification:_identify(/home/sentry/RM2025-Radar-Algorithm/driver/hik_camera/MvImport) by extensions ['ros']
[0.446s] Level 1:colcon.colcon_core.package_identification:_identify(/home/sentry/RM2025-Radar-Algorithm/driver/hik_camera/MvImport) by extension 'ros'
[0.446s] Level 1:colcon.colcon_core.package_identification:_identify(/home/sentry/RM2025-Radar-Algorithm/driver/hik_camera/MvImport) by extensions ['cmake', 'python']
[0.446s] Level 1:colcon.colcon_core.package_identification:_identify(/home/sentry/RM2025-Radar-Algorithm/driver/hik_camera/MvImport) by extension 'cmake'
[0.446s] Level 1:colcon.colcon_core.package_identification:_identify(/home/sentry/RM2025-Radar-Algorithm/driver/hik_camera/MvImport) by extension 'python'
[0.446s] Level 1:colcon.colcon_core.package_identification:_identify(/home/sentry/RM2025-Radar-Algorithm/driver/hik_camera/MvImport) by extensions ['python_setup_py']
[0.446s] Level 1:colcon.colcon_core.package_identification:_identify(/home/sentry/RM2025-Radar-Algorithm/driver/hik_camera/MvImport) by extension 'python_setup_py'
[0.446s] Level 1:colcon.colcon_core.package_identification:_identify(/home/sentry/RM2025-Radar-Algorithm/driver/referee) by extensions ['ignore', 'ignore_ament_install']
[0.446s] Level 1:colcon.colcon_core.package_identification:_identify(/home/sentry/RM2025-Radar-Algorithm/driver/referee) by extension 'ignore'
[0.446s] Level 1:colcon.colcon_core.package_identification:_identify(/home/sentry/RM2025-Radar-Algorithm/driver/referee) by extension 'ignore_ament_install'
[0.446s] Level 1:colcon.colcon_core.package_identification:_identify(/home/sentry/RM2025-Radar-Algorithm/driver/referee) by extensions ['colcon_pkg']
[0.446s] Level 1:colcon.colcon_core.package_identification:_identify(/home/sentry/RM2025-Radar-Algorithm/driver/referee) by extension 'colcon_pkg'
[0.447s] Level 1:colcon.colcon_core.package_identification:_identify(/home/sentry/RM2025-Radar-Algorithm/driver/referee) by extensions ['colcon_meta']
[0.447s] Level 1:colcon.colcon_core.package_identification:_identify(/home/sentry/RM2025-Radar-Algorithm/driver/referee) by extension 'colcon_meta'
[0.447s] Level 1:colcon.colcon_core.package_identification:_identify(/home/sentry/RM2025-Radar-Algorithm/driver/referee) by extensions ['ros']
[0.447s] Level 1:colcon.colcon_core.package_identification:_identify(/home/sentry/RM2025-Radar-Algorithm/driver/referee) by extension 'ros'
[0.447s] Level 1:colcon.colcon_core.package_identification:_identify(/home/sentry/RM2025-Radar-Algorithm/driver/referee) by extensions ['cmake', 'python']
[0.447s] Level 1:colcon.colcon_core.package_identification:_identify(/home/sentry/RM2025-Radar-Algorithm/driver/referee) by extension 'cmake'
[0.447s] Level 1:colcon.colcon_core.package_identification:_identify(/home/sentry/RM2025-Radar-Algorithm/driver/referee) by extension 'python'
[0.447s] Level 1:colcon.colcon_core.package_identification:_identify(/home/sentry/RM2025-Radar-Algorithm/driver/referee) by extensions ['python_setup_py']
[0.447s] Level 1:colcon.colcon_core.package_identification:_identify(/home/sentry/RM2025-Radar-Algorithm/driver/referee) by extension 'python_setup_py'
[0.447s] Level 1:colcon.colcon_core.package_identification:_identify(/home/sentry/RM2025-Radar-Algorithm/field) by extensions ['ignore', 'ignore_ament_install']
[0.447s] Level 1:colcon.colcon_core.package_identification:_identify(/home/sentry/RM2025-Radar-Algorithm/field) by extension 'ignore'
[0.447s] Level 1:colcon.colcon_core.package_identification:_identify(/home/sentry/RM2025-Radar-Algorithm/field) by extension 'ignore_ament_install'
[0.447s] Level 1:colcon.colcon_core.package_identification:_identify(/home/sentry/RM2025-Radar-Algorithm/field) by extensions ['colcon_pkg']
[0.447s] Level 1:colcon.colcon_core.package_identification:_identify(/home/sentry/RM2025-Radar-Algorithm/field) by extension 'colcon_pkg'
[0.447s] Level 1:colcon.colcon_core.package_identification:_identify(/home/sentry/RM2025-Radar-Algorithm/field) by extensions ['colcon_meta']
[0.447s] Level 1:colcon.colcon_core.package_identification:_identify(/home/sentry/RM2025-Radar-Algorithm/field) by extension 'colcon_meta'
[0.447s] Level 1:colcon.colcon_core.package_identification:_identify(/home/sentry/RM2025-Radar-Algorithm/field) by extensions ['ros']
[0.447s] Level 1:colcon.colcon_core.package_identification:_identify(/home/sentry/RM2025-Radar-Algorithm/field) by extension 'ros'
[0.448s] Level 1:colcon.colcon_core.package_identification:_identify(/home/sentry/RM2025-Radar-Algorithm/field) by extensions ['cmake', 'python']
[0.448s] Level 1:colcon.colcon_core.package_identification:_identify(/home/sentry/RM2025-Radar-Algorithm/field) by extension 'cmake'
[0.448s] Level 1:colcon.colcon_core.package_identification:_identify(/home/sentry/RM2025-Radar-Algorithm/field) by extension 'python'
[0.448s] Level 1:colcon.colcon_core.package_identification:_identify(/home/sentry/RM2025-Radar-Algorithm/field) by extensions ['python_setup_py']
[0.448s] Level 1:colcon.colcon_core.package_identification:_identify(/home/sentry/RM2025-Radar-Algorithm/field) by extension 'python_setup_py'
[0.448s] Level 1:colcon.colcon_core.package_identification:_identify(/home/sentry/RM2025-Radar-Algorithm/interface) by extensions ['ignore', 'ignore_ament_install']
[0.448s] Level 1:colcon.colcon_core.package_identification:_identify(/home/sentry/RM2025-Radar-Algorithm/interface) by extension 'ignore'
[0.448s] Level 1:colcon.colcon_core.package_identification:_identify(/home/sentry/RM2025-Radar-Algorithm/interface) by extension 'ignore_ament_install'
[0.448s] Level 1:colcon.colcon_core.package_identification:_identify(/home/sentry/RM2025-Radar-Algorithm/interface) by extensions ['colcon_pkg']
[0.448s] Level 1:colcon.colcon_core.package_identification:_identify(/home/sentry/RM2025-Radar-Algorithm/interface) by extension 'colcon_pkg'
[0.448s] Level 1:colcon.colcon_core.package_identification:_identify(/home/sentry/RM2025-Radar-Algorithm/interface) by extensions ['colcon_meta']
[0.448s] Level 1:colcon.colcon_core.package_identification:_identify(/home/sentry/RM2025-Radar-Algorithm/interface) by extension 'colcon_meta'
[0.448s] Level 1:colcon.colcon_core.package_identification:_identify(/home/sentry/RM2025-Radar-Algorithm/interface) by extensions ['ros']
[0.448s] Level 1:colcon.colcon_core.package_identification:_identify(/home/sentry/RM2025-Radar-Algorithm/interface) by extension 'ros'
[0.448s] Level 1:colcon.colcon_core.package_identification:_identify(/home/sentry/RM2025-Radar-Algorithm/interface) by extensions ['cmake', 'python']
[0.448s] Level 1:colcon.colcon_core.package_identification:_identify(/home/sentry/RM2025-Radar-Algorithm/interface) by extension 'cmake'
[0.449s] Level 1:colcon.colcon_core.package_identification:_identify(/home/sentry/RM2025-Radar-Algorithm/interface) by extension 'python'
[0.449s] Level 1:colcon.colcon_core.package_identification:_identify(/home/sentry/RM2025-Radar-Algorithm/interface) by extensions ['python_setup_py']
[0.449s] Level 1:colcon.colcon_core.package_identification:_identify(/home/sentry/RM2025-Radar-Algorithm/interface) by extension 'python_setup_py'
[0.449s] Level 1:colcon.colcon_core.package_identification:_identify(/home/sentry/RM2025-Radar-Algorithm/log) by extensions ['ignore', 'ignore_ament_install']
[0.449s] Level 1:colcon.colcon_core.package_identification:_identify(/home/sentry/RM2025-Radar-Algorithm/log) by extension 'ignore'
[0.449s] Level 1:colcon.colcon_core.package_identification:_identify(/home/sentry/RM2025-Radar-Algorithm/log) ignored
[0.449s] Level 1:colcon.colcon_core.package_identification:_identify(/home/sentry/RM2025-Radar-Algorithm/model) by extensions ['ignore', 'ignore_ament_install']
[0.449s] Level 1:colcon.colcon_core.package_identification:_identify(/home/sentry/RM2025-Radar-Algorithm/model) by extension 'ignore'
[0.449s] Level 1:colcon.colcon_core.package_identification:_identify(/home/sentry/RM2025-Radar-Algorithm/model) by extension 'ignore_ament_install'
[0.449s] Level 1:colcon.colcon_core.package_identification:_identify(/home/sentry/RM2025-Radar-Algorithm/model) by extensions ['colcon_pkg']
[0.449s] Level 1:colcon.colcon_core.package_identification:_identify(/home/sentry/RM2025-Radar-Algorithm/model) by extension 'colcon_pkg'
[0.449s] Level 1:colcon.colcon_core.package_identification:_identify(/home/sentry/RM2025-Radar-Algorithm/model) by extensions ['colcon_meta']
[0.449s] Level 1:colcon.colcon_core.package_identification:_identify(/home/sentry/RM2025-Radar-Algorithm/model) by extension 'colcon_meta'
[0.449s] Level 1:colcon.colcon_core.package_identification:_identify(/home/sentry/RM2025-Radar-Algorithm/model) by extensions ['ros']
[0.449s] Level 1:colcon.colcon_core.package_identification:_identify(/home/sentry/RM2025-Radar-Algorithm/model) by extension 'ros'
[0.450s] Level 1:colcon.colcon_core.package_identification:_identify(/home/sentry/RM2025-Radar-Algorithm/model) by extensions ['cmake', 'python']
[0.450s] Level 1:colcon.colcon_core.package_identification:_identify(/home/sentry/RM2025-Radar-Algorithm/model) by extension 'cmake'
[0.450s] Level 1:colcon.colcon_core.package_identification:_identify(/home/sentry/RM2025-Radar-Algorithm/model) by extension 'python'
[0.450s] Level 1:colcon.colcon_core.package_identification:_identify(/home/sentry/RM2025-Radar-Algorithm/model) by extensions ['python_setup_py']
[0.450s] Level 1:colcon.colcon_core.package_identification:_identify(/home/sentry/RM2025-Radar-Algorithm/model) by extension 'python_setup_py'
[0.450s] Level 1:colcon.colcon_core.package_identification:_identify(/home/sentry/RM2025-Radar-Algorithm/model/digit_classifier) by extensions ['ignore', 'ignore_ament_install']
[0.450s] Level 1:colcon.colcon_core.package_identification:_identify(/home/sentry/RM2025-Radar-Algorithm/model/digit_classifier) by extension 'ignore'
[0.450s] Level 1:colcon.colcon_core.package_identification:_identify(/home/sentry/RM2025-Radar-Algorithm/model/digit_classifier) by extension 'ignore_ament_install'
[0.450s] Level 1:colcon.colcon_core.package_identification:_identify(/home/sentry/RM2025-Radar-Algorithm/model/digit_classifier) by extensions ['colcon_pkg']
[0.450s] Level 1:colcon.colcon_core.package_identification:_identify(/home/sentry/RM2025-Radar-Algorithm/model/digit_classifier) by extension 'colcon_pkg'
[0.450s] Level 1:colcon.colcon_core.package_identification:_identify(/home/sentry/RM2025-Radar-Algorithm/model/digit_classifier) by extensions ['colcon_meta']
[0.450s] Level 1:colcon.colcon_core.package_identification:_identify(/home/sentry/RM2025-Radar-Algorithm/model/digit_classifier) by extension 'colcon_meta'
[0.450s] Level 1:colcon.colcon_core.package_identification:_identify(/home/sentry/RM2025-Radar-Algorithm/model/digit_classifier) by extensions ['ros']
[0.450s] Level 1:colcon.colcon_core.package_identification:_identify(/home/sentry/RM2025-Radar-Algorithm/model/digit_classifier) by extension 'ros'
[0.450s] Level 1:colcon.colcon_core.package_identification:_identify(/home/sentry/RM2025-Radar-Algorithm/model/digit_classifier) by extensions ['cmake', 'python']
[0.450s] Level 1:colcon.colcon_core.package_identification:_identify(/home/sentry/RM2025-Radar-Algorithm/model/digit_classifier) by extension 'cmake'
[0.450s] Level 1:colcon.colcon_core.package_identification:_identify(/home/sentry/RM2025-Radar-Algorithm/model/digit_classifier) by extension 'python'
[0.450s] Level 1:colcon.colcon_core.package_identification:_identify(/home/sentry/RM2025-Radar-Algorithm/model/digit_classifier) by extensions ['python_setup_py']
[0.450s] Level 1:colcon.colcon_core.package_identification:_identify(/home/sentry/RM2025-Radar-Algorithm/model/digit_classifier) by extension 'python_setup_py'
[0.451s] Level 1:colcon.colcon_core.package_identification:_identify(/home/sentry/RM2025-Radar-Algorithm/model/pfa_yolov5) by extensions ['ignore', 'ignore_ament_install']
[0.451s] Level 1:colcon.colcon_core.package_identification:_identify(/home/sentry/RM2025-Radar-Algorithm/model/pfa_yolov5) by extension 'ignore'
[0.451s] Level 1:colcon.colcon_core.package_identification:_identify(/home/sentry/RM2025-Radar-Algorithm/model/pfa_yolov5) by extension 'ignore_ament_install'
[0.451s] Level 1:colcon.colcon_core.package_identification:_identify(/home/sentry/RM2025-Radar-Algorithm/model/pfa_yolov5) by extensions ['colcon_pkg']
[0.451s] Level 1:colcon.colcon_core.package_identification:_identify(/home/sentry/RM2025-Radar-Algorithm/model/pfa_yolov5) by extension 'colcon_pkg'
[0.451s] Level 1:colcon.colcon_core.package_identification:_identify(/home/sentry/RM2025-Radar-Algorithm/model/pfa_yolov5) by extensions ['colcon_meta']
[0.451s] Level 1:colcon.colcon_core.package_identification:_identify(/home/sentry/RM2025-Radar-Algorithm/model/pfa_yolov5) by extension 'colcon_meta'
[0.451s] Level 1:colcon.colcon_core.package_identification:_identify(/home/sentry/RM2025-Radar-Algorithm/model/pfa_yolov5) by extensions ['ros']
[0.451s] Level 1:colcon.colcon_core.package_identification:_identify(/home/sentry/RM2025-Radar-Algorithm/model/pfa_yolov5) by extension 'ros'
[0.451s] Level 1:colcon.colcon_core.package_identification:_identify(/home/sentry/RM2025-Radar-Algorithm/model/pfa_yolov5) by extensions ['cmake', 'python']
[0.451s] Level 1:colcon.colcon_core.package_identification:_identify(/home/sentry/RM2025-Radar-Algorithm/model/pfa_yolov5) by extension 'cmake'
[0.451s] Level 1:colcon.colcon_core.package_identification:_identify(/home/sentry/RM2025-Radar-Algorithm/model/pfa_yolov5) by extension 'python'
[0.451s] Level 1:colcon.colcon_core.package_identification:_identify(/home/sentry/RM2025-Radar-Algorithm/model/pfa_yolov5) by extensions ['python_setup_py']
[0.451s] Level 1:colcon.colcon_core.package_identification:_identify(/home/sentry/RM2025-Radar-Algorithm/model/pfa_yolov5) by extension 'python_setup_py'
[0.452s] Level 1:colcon.colcon_core.package_identification:_identify(/home/sentry/RM2025-Radar-Algorithm/model/pfa_yolov5/models) by extensions ['ignore', 'ignore_ament_install']
[0.452s] Level 1:colcon.colcon_core.package_identification:_identify(/home/sentry/RM2025-Radar-Algorithm/model/pfa_yolov5/models) by extension 'ignore'
[0.452s] Level 1:colcon.colcon_core.package_identification:_identify(/home/sentry/RM2025-Radar-Algorithm/model/pfa_yolov5/models) by extension 'ignore_ament_install'
[0.452s] Level 1:colcon.colcon_core.package_identification:_identify(/home/sentry/RM2025-Radar-Algorithm/model/pfa_yolov5/models) by extensions ['colcon_pkg']
[0.452s] Level 1:colcon.colcon_core.package_identification:_identify(/home/sentry/RM2025-Radar-Algorithm/model/pfa_yolov5/models) by extension 'colcon_pkg'
[0.452s] Level 1:colcon.colcon_core.package_identification:_identify(/home/sentry/RM2025-Radar-Algorithm/model/pfa_yolov5/models) by extensions ['colcon_meta']
[0.452s] Level 1:colcon.colcon_core.package_identification:_identify(/home/sentry/RM2025-Radar-Algorithm/model/pfa_yolov5/models) by extension 'colcon_meta'
[0.452s] Level 1:colcon.colcon_core.package_identification:_identify(/home/sentry/RM2025-Radar-Algorithm/model/pfa_yolov5/models) by extensions ['ros']
[0.452s] Level 1:colcon.colcon_core.package_identification:_identify(/home/sentry/RM2025-Radar-Algorithm/model/pfa_yolov5/models) by extension 'ros'
[0.452s] Level 1:colcon.colcon_core.package_identification:_identify(/home/sentry/RM2025-Radar-Algorithm/model/pfa_yolov5/models) by extensions ['cmake', 'python']
[0.452s] Level 1:colcon.colcon_core.package_identification:_identify(/home/sentry/RM2025-Radar-Algorithm/model/pfa_yolov5/models) by extension 'cmake'
[0.452s] Level 1:colcon.colcon_core.package_identification:_identify(/home/sentry/RM2025-Radar-Algorithm/model/pfa_yolov5/models) by extension 'python'
[0.452s] Level 1:colcon.colcon_core.package_identification:_identify(/home/sentry/RM2025-Radar-Algorithm/model/pfa_yolov5/models) by extensions ['python_setup_py']
[0.452s] Level 1:colcon.colcon_core.package_identification:_identify(/home/sentry/RM2025-Radar-Algorithm/model/pfa_yolov5/models) by extension 'python_setup_py'
[0.452s] Level 1:colcon.colcon_core.package_identification:_identify(/home/sentry/RM2025-Radar-Algorithm/model/pfa_yolov5/utils) by extensions ['ignore', 'ignore_ament_install']
[0.453s] Level 1:colcon.colcon_core.package_identification:_identify(/home/sentry/RM2025-Radar-Algorithm/model/pfa_yolov5/utils) by extension 'ignore'
[0.453s] Level 1:colcon.colcon_core.package_identification:_identify(/home/sentry/RM2025-Radar-Algorithm/model/pfa_yolov5/utils) by extension 'ignore_ament_install'
[0.453s] Level 1:colcon.colcon_core.package_identification:_identify(/home/sentry/RM2025-Radar-Algorithm/model/pfa_yolov5/utils) by extensions ['colcon_pkg']
[0.453s] Level 1:colcon.colcon_core.package_identification:_identify(/home/sentry/RM2025-Radar-Algorithm/model/pfa_yolov5/utils) by extension 'colcon_pkg'
[0.453s] Level 1:colcon.colcon_core.package_identification:_identify(/home/sentry/RM2025-Radar-Algorithm/model/pfa_yolov5/utils) by extensions ['colcon_meta']
[0.453s] Level 1:colcon.colcon_core.package_identification:_identify(/home/sentry/RM2025-Radar-Algorithm/model/pfa_yolov5/utils) by extension 'colcon_meta'
[0.453s] Level 1:colcon.colcon_core.package_identification:_identify(/home/sentry/RM2025-Radar-Algorithm/model/pfa_yolov5/utils) by extensions ['ros']
[0.453s] Level 1:colcon.colcon_core.package_identification:_identify(/home/sentry/RM2025-Radar-Algorithm/model/pfa_yolov5/utils) by extension 'ros'
[0.453s] Level 1:colcon.colcon_core.package_identification:_identify(/home/sentry/RM2025-Radar-Algorithm/model/pfa_yolov5/utils) by extensions ['cmake', 'python']
[0.453s] Level 1:colcon.colcon_core.package_identification:_identify(/home/sentry/RM2025-Radar-Algorithm/model/pfa_yolov5/utils) by extension 'cmake'
[0.453s] Level 1:colcon.colcon_core.package_identification:_identify(/home/sentry/RM2025-Radar-Algorithm/model/pfa_yolov5/utils) by extension 'python'
[0.453s] Level 1:colcon.colcon_core.package_identification:_identify(/home/sentry/RM2025-Radar-Algorithm/model/pfa_yolov5/utils) by extensions ['python_setup_py']
[0.453s] Level 1:colcon.colcon_core.package_identification:_identify(/home/sentry/RM2025-Radar-Algorithm/model/pfa_yolov5/utils) by extension 'python_setup_py'
[0.453s] Level 1:colcon.colcon_core.package_identification:_identify(/home/sentry/RM2025-Radar-Algorithm/model/pfa_yolov5/utils/aws) by extensions ['ignore', 'ignore_ament_install']
[0.453s] Level 1:colcon.colcon_core.package_identification:_identify(/home/sentry/RM2025-Radar-Algorithm/model/pfa_yolov5/utils/aws) by extension 'ignore'
[0.454s] Level 1:colcon.colcon_core.package_identification:_identify(/home/sentry/RM2025-Radar-Algorithm/model/pfa_yolov5/utils/aws) by extension 'ignore_ament_install'
[0.454s] Level 1:colcon.colcon_core.package_identification:_identify(/home/sentry/RM2025-Radar-Algorithm/model/pfa_yolov5/utils/aws) by extensions ['colcon_pkg']
[0.454s] Level 1:colcon.colcon_core.package_identification:_identify(/home/sentry/RM2025-Radar-Algorithm/model/pfa_yolov5/utils/aws) by extension 'colcon_pkg'
[0.454s] Level 1:colcon.colcon_core.package_identification:_identify(/home/sentry/RM2025-Radar-Algorithm/model/pfa_yolov5/utils/aws) by extensions ['colcon_meta']
[0.454s] Level 1:colcon.colcon_core.package_identification:_identify(/home/sentry/RM2025-Radar-Algorithm/model/pfa_yolov5/utils/aws) by extension 'colcon_meta'
[0.454s] Level 1:colcon.colcon_core.package_identification:_identify(/home/sentry/RM2025-Radar-Algorithm/model/pfa_yolov5/utils/aws) by extensions ['ros']
[0.454s] Level 1:colcon.colcon_core.package_identification:_identify(/home/sentry/RM2025-Radar-Algorithm/model/pfa_yolov5/utils/aws) by extension 'ros'
[0.454s] Level 1:colcon.colcon_core.package_identification:_identify(/home/sentry/RM2025-Radar-Algorithm/model/pfa_yolov5/utils/aws) by extensions ['cmake', 'python']
[0.454s] Level 1:colcon.colcon_core.package_identification:_identify(/home/sentry/RM2025-Radar-Algorithm/model/pfa_yolov5/utils/aws) by extension 'cmake'
[0.454s] Level 1:colcon.colcon_core.package_identification:_identify(/home/sentry/RM2025-Radar-Algorithm/model/pfa_yolov5/utils/aws) by extension 'python'
[0.454s] Level 1:colcon.colcon_core.package_identification:_identify(/home/sentry/RM2025-Radar-Algorithm/model/pfa_yolov5/utils/aws) by extensions ['python_setup_py']
[0.454s] Level 1:colcon.colcon_core.package_identification:_identify(/home/sentry/RM2025-Radar-Algorithm/model/pfa_yolov5/utils/aws) by extension 'python_setup_py'
[0.454s] Level 1:colcon.colcon_core.package_identification:_identify(/home/sentry/RM2025-Radar-Algorithm/model/pfa_yolov5/utils/docker) by extensions ['ignore', 'ignore_ament_install']
[0.454s] Level 1:colcon.colcon_core.package_identification:_identify(/home/sentry/RM2025-Radar-Algorithm/model/pfa_yolov5/utils/docker) by extension 'ignore'
[0.454s] Level 1:colcon.colcon_core.package_identification:_identify(/home/sentry/RM2025-Radar-Algorithm/model/pfa_yolov5/utils/docker) by extension 'ignore_ament_install'
[0.454s] Level 1:colcon.colcon_core.package_identification:_identify(/home/sentry/RM2025-Radar-Algorithm/model/pfa_yolov5/utils/docker) by extensions ['colcon_pkg']
[0.454s] Level 1:colcon.colcon_core.package_identification:_identify(/home/sentry/RM2025-Radar-Algorithm/model/pfa_yolov5/utils/docker) by extension 'colcon_pkg'
[0.455s] Level 1:colcon.colcon_core.package_identification:_identify(/home/sentry/RM2025-Radar-Algorithm/model/pfa_yolov5/utils/docker) by extensions ['colcon_meta']
[0.455s] Level 1:colcon.colcon_core.package_identification:_identify(/home/sentry/RM2025-Radar-Algorithm/model/pfa_yolov5/utils/docker) by extension 'colcon_meta'
[0.455s] Level 1:colcon.colcon_core.package_identification:_identify(/home/sentry/RM2025-Radar-Algorithm/model/pfa_yolov5/utils/docker) by extensions ['ros']
[0.455s] Level 1:colcon.colcon_core.package_identification:_identify(/home/sentry/RM2025-Radar-Algorithm/model/pfa_yolov5/utils/docker) by extension 'ros'
[0.455s] Level 1:colcon.colcon_core.package_identification:_identify(/home/sentry/RM2025-Radar-Algorithm/model/pfa_yolov5/utils/docker) by extensions ['cmake', 'python']
[0.455s] Level 1:colcon.colcon_core.package_identification:_identify(/home/sentry/RM2025-Radar-Algorithm/model/pfa_yolov5/utils/docker) by extension 'cmake'
[0.455s] Level 1:colcon.colcon_core.package_identification:_identify(/home/sentry/RM2025-Radar-Algorithm/model/pfa_yolov5/utils/docker) by extension 'python'
[0.455s] Level 1:colcon.colcon_core.package_identification:_identify(/home/sentry/RM2025-Radar-Algorithm/model/pfa_yolov5/utils/docker) by extensions ['python_setup_py']
[0.455s] Level 1:colcon.colcon_core.package_identification:_identify(/home/sentry/RM2025-Radar-Algorithm/model/pfa_yolov5/utils/docker) by extension 'python_setup_py'
[0.455s] Level 1:colcon.colcon_core.package_identification:_identify(/home/sentry/RM2025-Radar-Algorithm/model/pfa_yolov5/utils/flask_rest_api) by extensions ['ignore', 'ignore_ament_install']
[0.455s] Level 1:colcon.colcon_core.package_identification:_identify(/home/sentry/RM2025-Radar-Algorithm/model/pfa_yolov5/utils/flask_rest_api) by extension 'ignore'
[0.455s] Level 1:colcon.colcon_core.package_identification:_identify(/home/sentry/RM2025-Radar-Algorithm/model/pfa_yolov5/utils/flask_rest_api) by extension 'ignore_ament_install'
[0.455s] Level 1:colcon.colcon_core.package_identification:_identify(/home/sentry/RM2025-Radar-Algorithm/model/pfa_yolov5/utils/flask_rest_api) by extensions ['colcon_pkg']
[0.455s] Level 1:colcon.colcon_core.package_identification:_identify(/home/sentry/RM2025-Radar-Algorithm/model/pfa_yolov5/utils/flask_rest_api) by extension 'colcon_pkg'
[0.455s] Level 1:colcon.colcon_core.package_identification:_identify(/home/sentry/RM2025-Radar-Algorithm/model/pfa_yolov5/utils/flask_rest_api) by extensions ['colcon_meta']
[0.455s] Level 1:colcon.colcon_core.package_identification:_identify(/home/sentry/RM2025-Radar-Algorithm/model/pfa_yolov5/utils/flask_rest_api) by extension 'colcon_meta'
[0.455s] Level 1:colcon.colcon_core.package_identification:_identify(/home/sentry/RM2025-Radar-Algorithm/model/pfa_yolov5/utils/flask_rest_api) by extensions ['ros']
[0.455s] Level 1:colcon.colcon_core.package_identification:_identify(/home/sentry/RM2025-Radar-Algorithm/model/pfa_yolov5/utils/flask_rest_api) by extension 'ros'
[0.456s] Level 1:colcon.colcon_core.package_identification:_identify(/home/sentry/RM2025-Radar-Algorithm/model/pfa_yolov5/utils/flask_rest_api) by extensions ['cmake', 'python']
[0.456s] Level 1:colcon.colcon_core.package_identification:_identify(/home/sentry/RM2025-Radar-Algorithm/model/pfa_yolov5/utils/flask_rest_api) by extension 'cmake'
[0.456s] Level 1:colcon.colcon_core.package_identification:_identify(/home/sentry/RM2025-Radar-Algorithm/model/pfa_yolov5/utils/flask_rest_api) by extension 'python'
[0.456s] Level 1:colcon.colcon_core.package_identification:_identify(/home/sentry/RM2025-Radar-Algorithm/model/pfa_yolov5/utils/flask_rest_api) by extensions ['python_setup_py']
[0.456s] Level 1:colcon.colcon_core.package_identification:_identify(/home/sentry/RM2025-Radar-Algorithm/model/pfa_yolov5/utils/flask_rest_api) by extension 'python_setup_py'
[0.456s] Level 1:colcon.colcon_core.package_identification:_identify(/home/sentry/RM2025-Radar-Algorithm/model/pfa_yolov5/utils/loggers) by extensions ['ignore', 'ignore_ament_install']
[0.456s] Level 1:colcon.colcon_core.package_identification:_identify(/home/sentry/RM2025-Radar-Algorithm/model/pfa_yolov5/utils/loggers) by extension 'ignore'
[0.456s] Level 1:colcon.colcon_core.package_identification:_identify(/home/sentry/RM2025-Radar-Algorithm/model/pfa_yolov5/utils/loggers) by extension 'ignore_ament_install'
[0.456s] Level 1:colcon.colcon_core.package_identification:_identify(/home/sentry/RM2025-Radar-Algorithm/model/pfa_yolov5/utils/loggers) by extensions ['colcon_pkg']
[0.456s] Level 1:colcon.colcon_core.package_identification:_identify(/home/sentry/RM2025-Radar-Algorithm/model/pfa_yolov5/utils/loggers) by extension 'colcon_pkg'
[0.456s] Level 1:colcon.colcon_core.package_identification:_identify(/home/sentry/RM2025-Radar-Algorithm/model/pfa_yolov5/utils/loggers) by extensions ['colcon_meta']
[0.456s] Level 1:colcon.colcon_core.package_identification:_identify(/home/sentry/RM2025-Radar-Algorithm/model/pfa_yolov5/utils/loggers) by extension 'colcon_meta'
[0.456s] Level 1:colcon.colcon_core.package_identification:_identify(/home/sentry/RM2025-Radar-Algorithm/model/pfa_yolov5/utils/loggers) by extensions ['ros']
[0.456s] Level 1:colcon.colcon_core.package_identification:_identify(/home/sentry/RM2025-Radar-Algorithm/model/pfa_yolov5/utils/loggers) by extension 'ros'
[0.456s] Level 1:colcon.colcon_core.package_identification:_identify(/home/sentry/RM2025-Radar-Algorithm/model/pfa_yolov5/utils/loggers) by extensions ['cmake', 'python']
[0.457s] Level 1:colcon.colcon_core.package_identification:_identify(/home/sentry/RM2025-Radar-Algorithm/model/pfa_yolov5/utils/loggers) by extension 'cmake'
[0.457s] Level 1:colcon.colcon_core.package_identification:_identify(/home/sentry/RM2025-Radar-Algorithm/model/pfa_yolov5/utils/loggers) by extension 'python'
[0.457s] Level 1:colcon.colcon_core.package_identification:_identify(/home/sentry/RM2025-Radar-Algorithm/model/pfa_yolov5/utils/loggers) by extensions ['python_setup_py']
[0.457s] Level 1:colcon.colcon_core.package_identification:_identify(/home/sentry/RM2025-Radar-Algorithm/model/pfa_yolov5/utils/loggers) by extension 'python_setup_py'
[0.457s] Level 1:colcon.colcon_core.package_identification:_identify(/home/sentry/RM2025-Radar-Algorithm/model/pfa_yolov5/utils/loggers/clearml) by extensions ['ignore', 'ignore_ament_install']
[0.457s] Level 1:colcon.colcon_core.package_identification:_identify(/home/sentry/RM2025-Radar-Algorithm/model/pfa_yolov5/utils/loggers/clearml) by extension 'ignore'
[0.457s] Level 1:colcon.colcon_core.package_identification:_identify(/home/sentry/RM2025-Radar-Algorithm/model/pfa_yolov5/utils/loggers/clearml) by extension 'ignore_ament_install'
[0.457s] Level 1:colcon.colcon_core.package_identification:_identify(/home/sentry/RM2025-Radar-Algorithm/model/pfa_yolov5/utils/loggers/clearml) by extensions ['colcon_pkg']
[0.457s] Level 1:colcon.colcon_core.package_identification:_identify(/home/sentry/RM2025-Radar-Algorithm/model/pfa_yolov5/utils/loggers/clearml) by extension 'colcon_pkg'
[0.457s] Level 1:colcon.colcon_core.package_identification:_identify(/home/sentry/RM2025-Radar-Algorithm/model/pfa_yolov5/utils/loggers/clearml) by extensions ['colcon_meta']
[0.457s] Level 1:colcon.colcon_core.package_identification:_identify(/home/sentry/RM2025-Radar-Algorithm/model/pfa_yolov5/utils/loggers/clearml) by extension 'colcon_meta'
[0.457s] Level 1:colcon.colcon_core.package_identification:_identify(/home/sentry/RM2025-Radar-Algorithm/model/pfa_yolov5/utils/loggers/clearml) by extensions ['ros']
[0.457s] Level 1:colcon.colcon_core.package_identification:_identify(/home/sentry/RM2025-Radar-Algorithm/model/pfa_yolov5/utils/loggers/clearml) by extension 'ros'
[0.457s] Level 1:colcon.colcon_core.package_identification:_identify(/home/sentry/RM2025-Radar-Algorithm/model/pfa_yolov5/utils/loggers/clearml) by extensions ['cmake', 'python']
[0.457s] Level 1:colcon.colcon_core.package_identification:_identify(/home/sentry/RM2025-Radar-Algorithm/model/pfa_yolov5/utils/loggers/clearml) by extension 'cmake'
[0.458s] Level 1:colcon.colcon_core.package_identification:_identify(/home/sentry/RM2025-Radar-Algorithm/model/pfa_yolov5/utils/loggers/clearml) by extension 'python'
[0.458s] Level 1:colcon.colcon_core.package_identification:_identify(/home/sentry/RM2025-Radar-Algorithm/model/pfa_yolov5/utils/loggers/clearml) by extensions ['python_setup_py']
[0.458s] Level 1:colcon.colcon_core.package_identification:_identify(/home/sentry/RM2025-Radar-Algorithm/model/pfa_yolov5/utils/loggers/clearml) by extension 'python_setup_py'
[0.458s] Level 1:colcon.colcon_core.package_identification:_identify(/home/sentry/RM2025-Radar-Algorithm/model/pfa_yolov5/utils/loggers/comet) by extensions ['ignore', 'ignore_ament_install']
[0.458s] Level 1:colcon.colcon_core.package_identification:_identify(/home/sentry/RM2025-Radar-Algorithm/model/pfa_yolov5/utils/loggers/comet) by extension 'ignore'
[0.458s] Level 1:colcon.colcon_core.package_identification:_identify(/home/sentry/RM2025-Radar-Algorithm/model/pfa_yolov5/utils/loggers/comet) by extension 'ignore_ament_install'
[0.458s] Level 1:colcon.colcon_core.package_identification:_identify(/home/sentry/RM2025-Radar-Algorithm/model/pfa_yolov5/utils/loggers/comet) by extensions ['colcon_pkg']
[0.458s] Level 1:colcon.colcon_core.package_identification:_identify(/home/sentry/RM2025-Radar-Algorithm/model/pfa_yolov5/utils/loggers/comet) by extension 'colcon_pkg'
[0.458s] Level 1:colcon.colcon_core.package_identification:_identify(/home/sentry/RM2025-Radar-Algorithm/model/pfa_yolov5/utils/loggers/comet) by extensions ['colcon_meta']
[0.458s] Level 1:colcon.colcon_core.package_identification:_identify(/home/sentry/RM2025-Radar-Algorithm/model/pfa_yolov5/utils/loggers/comet) by extension 'colcon_meta'
[0.458s] Level 1:colcon.colcon_core.package_identification:_identify(/home/sentry/RM2025-Radar-Algorithm/model/pfa_yolov5/utils/loggers/comet) by extensions ['ros']
[0.458s] Level 1:colcon.colcon_core.package_identification:_identify(/home/sentry/RM2025-Radar-Algorithm/model/pfa_yolov5/utils/loggers/comet) by extension 'ros'
[0.458s] Level 1:colcon.colcon_core.package_identification:_identify(/home/sentry/RM2025-Radar-Algorithm/model/pfa_yolov5/utils/loggers/comet) by extensions ['cmake', 'python']
[0.459s] Level 1:colcon.colcon_core.package_identification:_identify(/home/sentry/RM2025-Radar-Algorithm/model/pfa_yolov5/utils/loggers/comet) by extension 'cmake'
[0.459s] Level 1:colcon.colcon_core.package_identification:_identify(/home/sentry/RM2025-Radar-Algorithm/model/pfa_yolov5/utils/loggers/comet) by extension 'python'
[0.459s] Level 1:colcon.colcon_core.package_identification:_identify(/home/sentry/RM2025-Radar-Algorithm/model/pfa_yolov5/utils/loggers/comet) by extensions ['python_setup_py']
[0.459s] Level 1:colcon.colcon_core.package_identification:_identify(/home/sentry/RM2025-Radar-Algorithm/model/pfa_yolov5/utils/loggers/comet) by extension 'python_setup_py'
[0.459s] Level 1:colcon.colcon_core.package_identification:_identify(/home/sentry/RM2025-Radar-Algorithm/model/pfa_yolov5/utils/loggers/wandb) by extensions ['ignore', 'ignore_ament_install']
[0.459s] Level 1:colcon.colcon_core.package_identification:_identify(/home/sentry/RM2025-Radar-Algorithm/model/pfa_yolov5/utils/loggers/wandb) by extension 'ignore'
[0.459s] Level 1:colcon.colcon_core.package_identification:_identify(/home/sentry/RM2025-Radar-Algorithm/model/pfa_yolov5/utils/loggers/wandb) by extension 'ignore_ament_install'
[0.459s] Level 1:colcon.colcon_core.package_identification:_identify(/home/sentry/RM2025-Radar-Algorithm/model/pfa_yolov5/utils/loggers/wandb) by extensions ['colcon_pkg']
[0.459s] Level 1:colcon.colcon_core.package_identification:_identify(/home/sentry/RM2025-Radar-Algorithm/model/pfa_yolov5/utils/loggers/wandb) by extension 'colcon_pkg'
[0.459s] Level 1:colcon.colcon_core.package_identification:_identify(/home/sentry/RM2025-Radar-Algorithm/model/pfa_yolov5/utils/loggers/wandb) by extensions ['colcon_meta']
[0.460s] Level 1:colcon.colcon_core.package_identification:_identify(/home/sentry/RM2025-Radar-Algorithm/model/pfa_yolov5/utils/loggers/wandb) by extension 'colcon_meta'
[0.460s] Level 1:colcon.colcon_core.package_identification:_identify(/home/sentry/RM2025-Radar-Algorithm/model/pfa_yolov5/utils/loggers/wandb) by extensions ['ros']
[0.460s] Level 1:colcon.colcon_core.package_identification:_identify(/home/sentry/RM2025-Radar-Algorithm/model/pfa_yolov5/utils/loggers/wandb) by extension 'ros'
[0.460s] Level 1:colcon.colcon_core.package_identification:_identify(/home/sentry/RM2025-Radar-Algorithm/model/pfa_yolov5/utils/loggers/wandb) by extensions ['cmake', 'python']
[0.460s] Level 1:colcon.colcon_core.package_identification:_identify(/home/sentry/RM2025-Radar-Algorithm/model/pfa_yolov5/utils/loggers/wandb) by extension 'cmake'
[0.460s] Level 1:colcon.colcon_core.package_identification:_identify(/home/sentry/RM2025-Radar-Algorithm/model/pfa_yolov5/utils/loggers/wandb) by extension 'python'
[0.460s] Level 1:colcon.colcon_core.package_identification:_identify(/home/sentry/RM2025-Radar-Algorithm/model/pfa_yolov5/utils/loggers/wandb) by extensions ['python_setup_py']
[0.460s] Level 1:colcon.colcon_core.package_identification:_identify(/home/sentry/RM2025-Radar-Algorithm/model/pfa_yolov5/utils/loggers/wandb) by extension 'python_setup_py'
[0.460s] Level 1:colcon.colcon_core.package_identification:_identify(/home/sentry/RM2025-Radar-Algorithm/model/pfa_yolov5/utils/segment) by extensions ['ignore', 'ignore_ament_install']
[0.460s] Level 1:colcon.colcon_core.package_identification:_identify(/home/sentry/RM2025-Radar-Algorithm/model/pfa_yolov5/utils/segment) by extension 'ignore'
[0.460s] Level 1:colcon.colcon_core.package_identification:_identify(/home/sentry/RM2025-Radar-Algorithm/model/pfa_yolov5/utils/segment) by extension 'ignore_ament_install'
[0.460s] Level 1:colcon.colcon_core.package_identification:_identify(/home/sentry/RM2025-Radar-Algorithm/model/pfa_yolov5/utils/segment) by extensions ['colcon_pkg']
[0.460s] Level 1:colcon.colcon_core.package_identification:_identify(/home/sentry/RM2025-Radar-Algorithm/model/pfa_yolov5/utils/segment) by extension 'colcon_pkg'
[0.460s] Level 1:colcon.colcon_core.package_identification:_identify(/home/sentry/RM2025-Radar-Algorithm/model/pfa_yolov5/utils/segment) by extensions ['colcon_meta']
[0.460s] Level 1:colcon.colcon_core.package_identification:_identify(/home/sentry/RM2025-Radar-Algorithm/model/pfa_yolov5/utils/segment) by extension 'colcon_meta'
[0.461s] Level 1:colcon.colcon_core.package_identification:_identify(/home/sentry/RM2025-Radar-Algorithm/model/pfa_yolov5/utils/segment) by extensions ['ros']
[0.461s] Level 1:colcon.colcon_core.package_identification:_identify(/home/sentry/RM2025-Radar-Algorithm/model/pfa_yolov5/utils/segment) by extension 'ros'
[0.461s] Level 1:colcon.colcon_core.package_identification:_identify(/home/sentry/RM2025-Radar-Algorithm/model/pfa_yolov5/utils/segment) by extensions ['cmake', 'python']
[0.461s] Level 1:colcon.colcon_core.package_identification:_identify(/home/sentry/RM2025-Radar-Algorithm/model/pfa_yolov5/utils/segment) by extension 'cmake'
[0.461s] Level 1:colcon.colcon_core.package_identification:_identify(/home/sentry/RM2025-Radar-Algorithm/model/pfa_yolov5/utils/segment) by extension 'python'
[0.461s] Level 1:colcon.colcon_core.package_identification:_identify(/home/sentry/RM2025-Radar-Algorithm/model/pfa_yolov5/utils/segment) by extensions ['python_setup_py']
[0.461s] Level 1:colcon.colcon_core.package_identification:_identify(/home/sentry/RM2025-Radar-Algorithm/model/pfa_yolov5/utils/segment) by extension 'python_setup_py'
[0.461s] Level 1:colcon.colcon_core.package_identification:_identify(/home/sentry/RM2025-Radar-Algorithm/model/yolov12) by extensions ['ignore', 'ignore_ament_install']
[0.461s] Level 1:colcon.colcon_core.package_identification:_identify(/home/sentry/RM2025-Radar-Algorithm/model/yolov12) by extension 'ignore'
[0.461s] Level 1:colcon.colcon_core.package_identification:_identify(/home/sentry/RM2025-Radar-Algorithm/model/yolov12) by extension 'ignore_ament_install'
[0.461s] Level 1:colcon.colcon_core.package_identification:_identify(/home/sentry/RM2025-Radar-Algorithm/model/yolov12) by extensions ['colcon_pkg']
[0.461s] Level 1:colcon.colcon_core.package_identification:_identify(/home/sentry/RM2025-Radar-Algorithm/model/yolov12) by extension 'colcon_pkg'
[0.461s] Level 1:colcon.colcon_core.package_identification:_identify(/home/sentry/RM2025-Radar-Algorithm/model/yolov12) by extensions ['colcon_meta']
[0.461s] Level 1:colcon.colcon_core.package_identification:_identify(/home/sentry/RM2025-Radar-Algorithm/model/yolov12) by extension 'colcon_meta'
[0.461s] Level 1:colcon.colcon_core.package_identification:_identify(/home/sentry/RM2025-Radar-Algorithm/model/yolov12) by extensions ['ros']
[0.461s] Level 1:colcon.colcon_core.package_identification:_identify(/home/sentry/RM2025-Radar-Algorithm/model/yolov12) by extension 'ros'
[0.461s] Level 1:colcon.colcon_core.package_identification:_identify(/home/sentry/RM2025-Radar-Algorithm/model/yolov12) by extensions ['cmake', 'python']
[0.461s] Level 1:colcon.colcon_core.package_identification:_identify(/home/sentry/RM2025-Radar-Algorithm/model/yolov12) by extension 'cmake'
[0.461s] Level 1:colcon.colcon_core.package_identification:_identify(/home/sentry/RM2025-Radar-Algorithm/model/yolov12) by extension 'python'
[0.462s] Level 1:colcon.colcon_core.package_identification:_identify(/home/sentry/RM2025-Radar-Algorithm/model/yolov12) by extensions ['python_setup_py']
[0.462s] Level 1:colcon.colcon_core.package_identification:_identify(/home/sentry/RM2025-Radar-Algorithm/model/yolov12) by extension 'python_setup_py'
[0.462s] Level 1:colcon.colcon_core.package_identification:_identify(/home/sentry/RM2025-Radar-Algorithm/run_scripts) by extensions ['ignore', 'ignore_ament_install']
[0.462s] Level 1:colcon.colcon_core.package_identification:_identify(/home/sentry/RM2025-Radar-Algorithm/run_scripts) by extension 'ignore'
[0.462s] Level 1:colcon.colcon_core.package_identification:_identify(/home/sentry/RM2025-Radar-Algorithm/run_scripts) by extension 'ignore_ament_install'
[0.462s] Level 1:colcon.colcon_core.package_identification:_identify(/home/sentry/RM2025-Radar-Algorithm/run_scripts) by extensions ['colcon_pkg']
[0.462s] Level 1:colcon.colcon_core.package_identification:_identify(/home/sentry/RM2025-Radar-Algorithm/run_scripts) by extension 'colcon_pkg'
[0.462s] Level 1:colcon.colcon_core.package_identification:_identify(/home/sentry/RM2025-Radar-Algorithm/run_scripts) by extensions ['colcon_meta']
[0.462s] Level 1:colcon.colcon_core.package_identification:_identify(/home/sentry/RM2025-Radar-Algorithm/run_scripts) by extension 'colcon_meta'
[0.462s] Level 1:colcon.colcon_core.package_identification:_identify(/home/sentry/RM2025-Radar-Algorithm/run_scripts) by extensions ['ros']
[0.462s] Level 1:colcon.colcon_core.package_identification:_identify(/home/sentry/RM2025-Radar-Algorithm/run_scripts) by extension 'ros'
[0.462s] Level 1:colcon.colcon_core.package_identification:_identify(/home/sentry/RM2025-Radar-Algorithm/run_scripts) by extensions ['cmake', 'python']
[0.462s] Level 1:colcon.colcon_core.package_identification:_identify(/home/sentry/RM2025-Radar-Algorithm/run_scripts) by extension 'cmake'
[0.462s] Level 1:colcon.colcon_core.package_identification:_identify(/home/sentry/RM2025-Radar-Algorithm/run_scripts) by extension 'python'
[0.462s] Level 1:colcon.colcon_core.package_identification:_identify(/home/sentry/RM2025-Radar-Algorithm/run_scripts) by extensions ['python_setup_py']
[0.462s] Level 1:colcon.colcon_core.package_identification:_identify(/home/sentry/RM2025-Radar-Algorithm/run_scripts) by extension 'python_setup_py'
[0.462s] Level 1:colcon.colcon_core.package_identification:_identify(/home/sentry/RM2025-Radar-Algorithm/tracker) by extensions ['ignore', 'ignore_ament_install']
[0.462s] Level 1:colcon.colcon_core.package_identification:_identify(/home/sentry/RM2025-Radar-Algorithm/tracker) by extension 'ignore'
[0.462s] Level 1:colcon.colcon_core.package_identification:_identify(/home/sentry/RM2025-Radar-Algorithm/tracker) by extension 'ignore_ament_install'
[0.463s] Level 1:colcon.colcon_core.package_identification:_identify(/home/sentry/RM2025-Radar-Algorithm/tracker) by extensions ['colcon_pkg']
[0.463s] Level 1:colcon.colcon_core.package_identification:_identify(/home/sentry/RM2025-Radar-Algorithm/tracker) by extension 'colcon_pkg'
[0.463s] Level 1:colcon.colcon_core.package_identification:_identify(/home/sentry/RM2025-Radar-Algorithm/tracker) by extensions ['colcon_meta']
[0.463s] Level 1:colcon.colcon_core.package_identification:_identify(/home/sentry/RM2025-Radar-Algorithm/tracker) by extension 'colcon_meta'
[0.463s] Level 1:colcon.colcon_core.package_identification:_identify(/home/sentry/RM2025-Radar-Algorithm/tracker) by extensions ['ros']
[0.463s] Level 1:colcon.colcon_core.package_identification:_identify(/home/sentry/RM2025-Radar-Algorithm/tracker) by extension 'ros'
[0.463s] Level 1:colcon.colcon_core.package_identification:_identify(/home/sentry/RM2025-Radar-Algorithm/tracker) by extensions ['cmake', 'python']
[0.463s] Level 1:colcon.colcon_core.package_identification:_identify(/home/sentry/RM2025-Radar-Algorithm/tracker) by extension 'cmake'
[0.463s] Level 1:colcon.colcon_core.package_identification:_identify(/home/sentry/RM2025-Radar-Algorithm/tracker) by extension 'python'
[0.463s] Level 1:colcon.colcon_core.package_identification:_identify(/home/sentry/RM2025-Radar-Algorithm/tracker) by extensions ['python_setup_py']
[0.463s] Level 1:colcon.colcon_core.package_identification:_identify(/home/sentry/RM2025-Radar-Algorithm/tracker) by extension 'python_setup_py'
[0.463s] Level 1:colcon.colcon_core.package_identification:_identify(/home/sentry/RM2025-Radar-Algorithm/tracker/CascadeMatchTracker) by extensions ['ignore', 'ignore_ament_install']
[0.463s] Level 1:colcon.colcon_core.package_identification:_identify(/home/sentry/RM2025-Radar-Algorithm/tracker/CascadeMatchTracker) by extension 'ignore'
[0.463s] Level 1:colcon.colcon_core.package_identification:_identify(/home/sentry/RM2025-Radar-Algorithm/tracker/CascadeMatchTracker) by extension 'ignore_ament_install'
[0.463s] Level 1:colcon.colcon_core.package_identification:_identify(/home/sentry/RM2025-Radar-Algorithm/tracker/CascadeMatchTracker) by extensions ['colcon_pkg']
[0.463s] Level 1:colcon.colcon_core.package_identification:_identify(/home/sentry/RM2025-Radar-Algorithm/tracker/CascadeMatchTracker) by extension 'colcon_pkg'
[0.464s] Level 1:colcon.colcon_core.package_identification:_identify(/home/sentry/RM2025-Radar-Algorithm/tracker/CascadeMatchTracker) by extensions ['colcon_meta']
[0.464s] Level 1:colcon.colcon_core.package_identification:_identify(/home/sentry/RM2025-Radar-Algorithm/tracker/CascadeMatchTracker) by extension 'colcon_meta'
[0.464s] Level 1:colcon.colcon_core.package_identification:_identify(/home/sentry/RM2025-Radar-Algorithm/tracker/CascadeMatchTracker) by extensions ['ros']
[0.464s] Level 1:colcon.colcon_core.package_identification:_identify(/home/sentry/RM2025-Radar-Algorithm/tracker/CascadeMatchTracker) by extension 'ros'
[0.464s] Level 1:colcon.colcon_core.package_identification:_identify(/home/sentry/RM2025-Radar-Algorithm/tracker/CascadeMatchTracker) by extensions ['cmake', 'python']
[0.464s] Level 1:colcon.colcon_core.package_identification:_identify(/home/sentry/RM2025-Radar-Algorithm/tracker/CascadeMatchTracker) by extension 'cmake'
[0.464s] Level 1:colcon.colcon_core.package_identification:_identify(/home/sentry/RM2025-Radar-Algorithm/tracker/CascadeMatchTracker) by extension 'python'
[0.464s] Level 1:colcon.colcon_core.package_identification:_identify(/home/sentry/RM2025-Radar-Algorithm/tracker/CascadeMatchTracker) by extensions ['python_setup_py']
[0.464s] Level 1:colcon.colcon_core.package_identification:_identify(/home/sentry/RM2025-Radar-Algorithm/tracker/CascadeMatchTracker) by extension 'python_setup_py'
[0.464s] Level 1:colcon.colcon_core.package_identification:_identify(/home/sentry/RM2025-Radar-Algorithm/transform) by extensions ['ignore', 'ignore_ament_install']
[0.464s] Level 1:colcon.colcon_core.package_identification:_identify(/home/sentry/RM2025-Radar-Algorithm/transform) by extension 'ignore'
[0.464s] Level 1:colcon.colcon_core.package_identification:_identify(/home/sentry/RM2025-Radar-Algorithm/transform) by extension 'ignore_ament_install'
[0.464s] Level 1:colcon.colcon_core.package_identification:_identify(/home/sentry/RM2025-Radar-Algorithm/transform) by extensions ['colcon_pkg']
[0.464s] Level 1:colcon.colcon_core.package_identification:_identify(/home/sentry/RM2025-Radar-Algorithm/transform) by extension 'colcon_pkg'
[0.464s] Level 1:colcon.colcon_core.package_identification:_identify(/home/sentry/RM2025-Radar-Algorithm/transform) by extensions ['colcon_meta']
[0.464s] Level 1:colcon.colcon_core.package_identification:_identify(/home/sentry/RM2025-Radar-Algorithm/transform) by extension 'colcon_meta'
[0.464s] Level 1:colcon.colcon_core.package_identification:_identify(/home/sentry/RM2025-Radar-Algorithm/transform) by extensions ['ros']
[0.464s] Level 1:colcon.colcon_core.package_identification:_identify(/home/sentry/RM2025-Radar-Algorithm/transform) by extension 'ros'
[0.464s] Level 1:colcon.colcon_core.package_identification:_identify(/home/sentry/RM2025-Radar-Algorithm/transform) by extensions ['cmake', 'python']
[0.465s] Level 1:colcon.colcon_core.package_identification:_identify(/home/sentry/RM2025-Radar-Algorithm/transform) by extension 'cmake'
[0.465s] Level 1:colcon.colcon_core.package_identification:_identify(/home/sentry/RM2025-Radar-Algorithm/transform) by extension 'python'
[0.465s] Level 1:colcon.colcon_core.package_identification:_identify(/home/sentry/RM2025-Radar-Algorithm/transform) by extensions ['python_setup_py']
[0.465s] Level 1:colcon.colcon_core.package_identification:_identify(/home/sentry/RM2025-Radar-Algorithm/transform) by extension 'python_setup_py'
[0.465s] Level 1:colcon.colcon_core.package_identification:_identify(/home/sentry/RM2025-Radar-Algorithm/utils) by extensions ['ignore', 'ignore_ament_install']
[0.465s] Level 1:colcon.colcon_core.package_identification:_identify(/home/sentry/RM2025-Radar-Algorithm/utils) by extension 'ignore'
[0.465s] Level 1:colcon.colcon_core.package_identification:_identify(/home/sentry/RM2025-Radar-Algorithm/utils) by extension 'ignore_ament_install'
[0.465s] Level 1:colcon.colcon_core.package_identification:_identify(/home/sentry/RM2025-Radar-Algorithm/utils) by extensions ['colcon_pkg']
[0.465s] Level 1:colcon.colcon_core.package_identification:_identify(/home/sentry/RM2025-Radar-Algorithm/utils) by extension 'colcon_pkg'
[0.465s] Level 1:colcon.colcon_core.package_identification:_identify(/home/sentry/RM2025-Radar-Algorithm/utils) by extensions ['colcon_meta']
[0.465s] Level 1:colcon.colcon_core.package_identification:_identify(/home/sentry/RM2025-Radar-Algorithm/utils) by extension 'colcon_meta'
[0.465s] Level 1:colcon.colcon_core.package_identification:_identify(/home/sentry/RM2025-Radar-Algorithm/utils) by extensions ['ros']
[0.465s] Level 1:colcon.colcon_core.package_identification:_identify(/home/sentry/RM2025-Radar-Algorithm/utils) by extension 'ros'
[0.465s] Level 1:colcon.colcon_core.package_identification:_identify(/home/sentry/RM2025-Radar-Algorithm/utils) by extensions ['cmake', 'python']
[0.465s] Level 1:colcon.colcon_core.package_identification:_identify(/home/sentry/RM2025-Radar-Algorithm/utils) by extension 'cmake'
[0.465s] Level 1:colcon.colcon_core.package_identification:_identify(/home/sentry/RM2025-Radar-Algorithm/utils) by extension 'python'
[0.465s] Level 1:colcon.colcon_core.package_identification:_identify(/home/sentry/RM2025-Radar-Algorithm/utils) by extensions ['python_setup_py']
[0.466s] Level 1:colcon.colcon_core.package_identification:_identify(/home/sentry/RM2025-Radar-Algorithm/utils) by extension 'python_setup_py'
[0.466s] Level 1:colcon.colcon_core.package_discovery:discover_packages(recursive) using defaults
